[debug] [2024-07-17T05:29:24.137Z] ----------------------------------------------------------------------
[debug] [2024-07-17T05:29:24.151Z] Command:       C:\Program Files\nodejs\node.exe C:\Users\eli_s\AppData\Roaming\npm\node_modules\firebase-tools\lib\bin\firebase.js init hosting
[debug] [2024-07-17T05:29:24.152Z] CLI Version:   13.13.3
[debug] [2024-07-17T05:29:24.152Z] Platform:      win32
[debug] [2024-07-17T05:29:24.152Z] Node Version:  v20.13.1
[debug] [2024-07-17T05:29:24.152Z] Time:          Tue Jul 16 2024 23:29:24 GMT-0600 (hora estándar central)
[debug] [2024-07-17T05:29:24.153Z] ----------------------------------------------------------------------
[debug] 
[debug] [2024-07-17T05:29:24.283Z] > command requires scopes: ["email","openid","https://www.googleapis.com/auth/cloudplatformprojects.readonly","https://www.googleapis.com/auth/firebase","https://www.googleapis.com/auth/cloud-platform"]
[debug] [2024-07-17T05:29:24.284Z] > authorizing via signed-in user (alvaro.cuma.perso@gmail.com)
[info] 
     ######## #### ########  ######## ########     ###     ######  ########
     ##        ##  ##     ## ##       ##     ##  ##   ##  ##       ##
     ######    ##  ########  ######   ########  #########  ######  ######
     ##        ##  ##    ##  ##       ##     ## ##     ##       ## ##
     ##       #### ##     ## ######## ########  ##     ##  ######  ########

You're about to initialize a Firebase project in this directory:

  C:\Proyecto\Medical-Assistant\v1.0.0.0\package\main

Before we get started, keep in mind:

  * You are currently outside your home directory
  * You are initializing within an existing Firebase project directory

